<html>
<head>
<title>TestNG:  Cucumber test</title>
<link href="../testng.css" rel="stylesheet" type="text/css" />
<link href="../my-testng.css" rel="stylesheet" type="text/css" />

<style type="text/css">
.log { display: none;} 
.stack-trace { display: none;} 
</style>
<script type="text/javascript">
<!--
function flip(e) {
  current = e.style.display;
  if (current == 'block') {
    e.style.display = 'none';
    return 0;
  }
  else {
    e.style.display = 'block';
    return 1;
  }
}

function toggleBox(szDivId, elem, msg1, msg2)
{
  var res = -1;  if (document.getElementById) {
    res = flip(document.getElementById(szDivId));
  }
  else if (document.all) {
    // this is the way old msie versions work
    res = flip(document.all[szDivId]);
  }
  if(elem) {
    if(res == 0) elem.innerHTML = msg1; else elem.innerHTML = msg2;
  }

}

function toggleAllBoxes() {
  if (document.getElementsByTagName) {
    d = document.getElementsByTagName('div');
    for (i = 0; i < d.length; i++) {
      if (d[i].className == 'log') {
        flip(d[i]);
      }
    }
  }
}

// -->
</script>

</head>
<body>
<h2 align='center'>Cucumber test</h2><table border='1' align="center">
<tr>
<td>Tests passed/Failed/Skipped:</td><td>0/2/2</td>
</tr><tr>
<td>Started on:</td><td>Tue Jan 23 23:23:05 IST 2024</td>
</tr>
<tr><td>Total time:</td><td>301 seconds (301055 ms)</td>
</tr><tr>
<td>Included groups:</td><td></td>
</tr><tr>
<td>Excluded groups:</td><td></td>
</tr>
</table><p/>
<small><i>(Hover the method name to see the test class name)</i></small><p/>
<table width='100%' border='1' class='invocation-failed'>
<tr><td colspan='4' align='center'><b>FAILED TESTS</b></td></tr>
<tr><td><b>Test method</b></td>
<td><b>Attribute(s)</b></td>
<td width="30%"><b>Exception</b></td>
<td width="10%"><b>Time (seconds)</b></td>
<td><b>Instance</b></td>
</tr>
<tr>
<td title='com.BooksWagon.Runner.TestRunner3.runScenario()'><b>runScenario</b><br>Test class: com.BooksWagon.Runner.TestRunner3<br>Test method: Runs Cucumber Scenarios<br>Parameters: "To test Request a Book in BooksWagon Website", "Testing RequestBook Functionality"</td>
<td><div><pre>java.lang.AssertionError: expected [We have saved your requested books successfully into our system. We will intimate you as soon as book available.] but found [You have requested for this book before.]
	at com.BooksWagon.StepDefinition.RequestaBookStepDefinition.request_should_be_notify_to_them(RequestaBookStepDefinition.java:157)
	at ✽.request should be notify to them(file:///C:/Users/P%20SREEJA/Downloads/bookswagon/bookswagonprojectrequest/src/test/java/com/BooksWagon/features/RequestABook.feature:12)
... Removed 6 stack frames</pre></div><a href='#' onClick='toggleBox("stack-trace1647560386", this, "Click to show all stack frames", "Click to hide stack frames")'>Click to show all stack frames</a>
<div class='stack-trace' id='stack-trace1647560386'><pre>java.lang.AssertionError: expected [We have saved your requested books successfully into our system. We will intimate you as soon as book available.] but found [You have requested for this book before.]
	at org.testng.Assert.fail(Assert.java:110)
	at org.testng.Assert.failNotEquals(Assert.java:1577)
	at org.testng.Assert.assertEqualsImpl(Assert.java:149)
	at org.testng.Assert.assertEquals(Assert.java:131)
	at org.testng.Assert.assertEquals(Assert.java:655)
	at org.testng.Assert.assertEquals(Assert.java:665)
	at com.BooksWagon.StepDefinition.RequestaBookStepDefinition.request_should_be_notify_to_them(RequestaBookStepDefinition.java:157)
	at ✽.request should be notify to them(file:///C:/Users/P%20SREEJA/Downloads/bookswagon/bookswagonprojectrequest/src/test/java/com/BooksWagon/features/RequestABook.feature:12)
</pre></div></td>
<td>68</td>
<td>com.BooksWagon.Runner.TestRunner3@41a2befb</td></tr>
<tr>
<td title='com.BooksWagon.Runner.TestRunner3.runScenario()'><b>runScenario</b><br>Test class: com.BooksWagon.Runner.TestRunner3<br>Test method: Runs Cucumber Scenarios<br>Parameters: "To test Request a Book in BooksWagon Website", "Testing RequestBook Functionality"</td>
<td><div><pre>java.lang.ArrayIndexOutOfBoundsException: Index 2 out of bounds for length 2
	at com.BooksWagon.StepDefinition.RequestaBookStepDefinition.enter_the_required_data_i_sbn_as_title_as_author_as_phone_as(RequestaBookStepDefinition.java:101)
	at ✽.enter the required data iSBN as &apos;&apos; Title as &apos;&apos; Author as &apos;&apos;  Phone as &apos;&apos;(file:///C:/Users/P%20SREEJA/Downloads/bookswagon/bookswagonprojectrequest/src/test/java/com/BooksWagon/features/RequestABook.feature:10)
</pre></div><a href='#' onClick='toggleBox("stack-trace1340995848", this, "Click to show all stack frames", "Click to hide stack frames")'>Click to show all stack frames</a>
<div class='stack-trace' id='stack-trace1340995848'><pre>java.lang.ArrayIndexOutOfBoundsException: Index 2 out of bounds for length 2
	at com.BooksWagon.StepDefinition.RequestaBookStepDefinition.enter_the_required_data_i_sbn_as_title_as_author_as_phone_as(RequestaBookStepDefinition.java:101)
	at ✽.enter the required data iSBN as &apos;&apos; Title as &apos;&apos; Author as &apos;&apos;  Phone as &apos;&apos;(file:///C:/Users/P%20SREEJA/Downloads/bookswagon/bookswagonprojectrequest/src/test/java/com/BooksWagon/features/RequestABook.feature:10)
</pre></div></td>
<td>53</td>
<td>com.BooksWagon.Runner.TestRunner3@41a2befb</td></tr>
</table><p>
<table width='100%' border='1' class='invocation-skipped'>
<tr><td colspan='4' align='center'><b>SKIPPED TESTS</b></td></tr>
<tr><td><b>Test method</b></td>
<td><b>Attribute(s)</b></td>
<td width="30%"><b>Exception</b></td>
<td width="10%"><b>Time (seconds)</b></td>
<td><b>Instance</b></td>
</tr>
<tr>
<td title='com.BooksWagon.Runner.TestRunner3.runScenario()'><b>runScenario</b><br>Test class: com.BooksWagon.Runner.TestRunner3<br>Test method: Runs Cucumber Scenarios<br>Parameters: "To test Request a Book in BooksWagon Website", "Testing RequestBook Functionality"</td>
<td><div><pre>java.lang.AssertionError: expected [We have saved your requested books successfully into our system. We will intimate you as soon as book available.] but found [You have requested for this book before.]
	at com.BooksWagon.StepDefinition.RequestaBookStepDefinition.request_should_be_notify_to_them(RequestaBookStepDefinition.java:157)
	at ✽.request should be notify to them(file:///C:/Users/P%20SREEJA/Downloads/bookswagon/bookswagonprojectrequest/src/test/java/com/BooksWagon/features/RequestABook.feature:12)
... Removed 6 stack frames</pre></div><a href='#' onClick='toggleBox("stack-trace468154998", this, "Click to show all stack frames", "Click to hide stack frames")'>Click to show all stack frames</a>
<div class='stack-trace' id='stack-trace468154998'><pre>java.lang.AssertionError: expected [We have saved your requested books successfully into our system. We will intimate you as soon as book available.] but found [You have requested for this book before.]
	at org.testng.Assert.fail(Assert.java:110)
	at org.testng.Assert.failNotEquals(Assert.java:1577)
	at org.testng.Assert.assertEqualsImpl(Assert.java:149)
	at org.testng.Assert.assertEquals(Assert.java:131)
	at org.testng.Assert.assertEquals(Assert.java:655)
	at org.testng.Assert.assertEquals(Assert.java:665)
	at com.BooksWagon.StepDefinition.RequestaBookStepDefinition.request_should_be_notify_to_them(RequestaBookStepDefinition.java:157)
	at ✽.request should be notify to them(file:///C:/Users/P%20SREEJA/Downloads/bookswagon/bookswagonprojectrequest/src/test/java/com/BooksWagon/features/RequestABook.feature:12)
</pre></div></td>
<td>144</td>
<td>com.BooksWagon.Runner.TestRunner3@41a2befb</td></tr>
<tr>
<td title='com.BooksWagon.Runner.TestRunner3.runScenario()'><b>runScenario</b><br>Test class: com.BooksWagon.Runner.TestRunner3<br>Test method: Runs Cucumber Scenarios<br>Parameters: "To test Request a Book in BooksWagon Website", "Testing RequestBook Functionality"</td>
<td><div><pre>org.openqa.selenium.WebDriverException: no such execution context
  (Session info: chrome=120.0.6099.225)
Build info: version: &apos;4.11.0&apos;, revision: &apos;040bc5406b&apos;
System info: os.name: &apos;Windows 11&apos;, os.arch: &apos;amd64&apos;, os.version: &apos;10.0&apos;, java.version: &apos;17.0.9&apos;
Driver info: org.openqa.selenium.chrome.ChromeDriver
Command: [2a2eed628d10b9c4b308120173972114, clickElement {id=08214900A0BB732FB245823499595D9B_element_97}]
Capabilities {acceptInsecureCerts: false, browserName: chrome, browserVersion: 120.0.6099.225, chrome: {chromedriverVersion: 120.0.6099.109 (3419140ab66..., userDataDir: C:\WINDOWS\SystemTemp\scope...}, fedcm:accounts: true, goog:chromeOptions: {debuggerAddress: localhost:30422}, networkConnectionEnabled: false, pageLoadStrategy: normal, platformName: windows, proxy: Proxy(), se:cdp: ws://localhost:30422/devtoo..., se:cdpVersion: 120.0.6099.225, setWindowRect: true, strictFileInteractability: false, timeouts: {implicit: 0, pageLoad: 300000, script: 30000}, unhandledPromptBehavior: dismiss and notify, webauthn:extension:credBlob: true, webauthn:extension:largeBlob: true, webauthn:extension:minPinLength: true, webauthn:extension:prf: true, webauthn:virtualAuthenticators: true}
Element: [[ChromeDriver: chrome on windows (2a2eed628d10b9c4b308120173972114)] -&gt; xpath: //a[@id=&apos;ctl00_phBody_SignIn_btnLogin&apos;]]
Session ID: 2a2eed628d10b9c4b308120173972114
	at org.openqa.selenium.remote.codec.w3c.W3CHttpResponseCodec.createException(W3CHttpResponseCodec.java:200)
	at org.openqa.selenium.remote.codec.w3c.W3CHttpResponseCodec.decode(W3CHttpResponseCodec.java:133)
	at org.openqa.selenium.remote.codec.w3c.W3CHttpResponseCodec.decode(W3CHttpResponseCodec.java:52)
	at org.openqa.selenium.remote.HttpCommandExecutor.execute(HttpCommandExecutor.java:191)
	at org.openqa.selenium.remote.service.DriverCommandExecutor.invokeExecute(DriverCommandExecutor.java:196)
	at org.openqa.selenium.remote.service.DriverCommandExecutor.execute(DriverCommandExecutor.java:171)
	at org.openqa.selenium.remote.RemoteWebDriver.execute(RemoteWebDriver.java:518)
	at org.openqa.selenium.remote.RemoteWebElement.execute(RemoteWebElement.java:224)
	at org.openqa.selenium.remote.RemoteWebElement.click(RemoteWebElement.java:77)
	at org.openqa.selenium.support.pagefactory.internal.LocatingElementHandler.invoke(LocatingElementHandler.java:51)
	at jdk.proxy2/jdk.proxy2.$Proxy44.click(Unknown Source)
	at com.BooksWagon.Page.RequestABookPage.ClickOnLoginButton(RequestABookPage.java:99)
	at com.BooksWagon.StepDefinition.RequestaBookStepDefinition.the_user_clicks_on_the_login_button(RequestaBookStepDefinition.java:85)
	at ✽.the User clicks on the login button on the page(file:///C:/Users/P%20SREEJA/Downloads/bookswagon/bookswagonprojectrequest/src/test/java/com/BooksWagon/features/RequestABook.feature:8)
... Removed 9 stack frames</pre></div><a href='#' onClick='toggleBox("stack-trace1050406642", this, "Click to show all stack frames", "Click to hide stack frames")'>Click to show all stack frames</a>
<div class='stack-trace' id='stack-trace1050406642'><pre>org.openqa.selenium.WebDriverException: no such execution context
  (Session info: chrome=120.0.6099.225)
Build info: version: &apos;4.11.0&apos;, revision: &apos;040bc5406b&apos;
System info: os.name: &apos;Windows 11&apos;, os.arch: &apos;amd64&apos;, os.version: &apos;10.0&apos;, java.version: &apos;17.0.9&apos;
Driver info: org.openqa.selenium.chrome.ChromeDriver
Command: [2a2eed628d10b9c4b308120173972114, clickElement {id=08214900A0BB732FB245823499595D9B_element_97}]
Capabilities {acceptInsecureCerts: false, browserName: chrome, browserVersion: 120.0.6099.225, chrome: {chromedriverVersion: 120.0.6099.109 (3419140ab66..., userDataDir: C:\WINDOWS\SystemTemp\scope...}, fedcm:accounts: true, goog:chromeOptions: {debuggerAddress: localhost:30422}, networkConnectionEnabled: false, pageLoadStrategy: normal, platformName: windows, proxy: Proxy(), se:cdp: ws://localhost:30422/devtoo..., se:cdpVersion: 120.0.6099.225, setWindowRect: true, strictFileInteractability: false, timeouts: {implicit: 0, pageLoad: 300000, script: 30000}, unhandledPromptBehavior: dismiss and notify, webauthn:extension:credBlob: true, webauthn:extension:largeBlob: true, webauthn:extension:minPinLength: true, webauthn:extension:prf: true, webauthn:virtualAuthenticators: true}
Element: [[ChromeDriver: chrome on windows (2a2eed628d10b9c4b308120173972114)] -&gt; xpath: //a[@id=&apos;ctl00_phBody_SignIn_btnLogin&apos;]]
Session ID: 2a2eed628d10b9c4b308120173972114
	at java.base/jdk.internal.reflect.NativeConstructorAccessorImpl.newInstance0(Native Method)
	at java.base/jdk.internal.reflect.NativeConstructorAccessorImpl.newInstance(NativeConstructorAccessorImpl.java:77)
	at java.base/jdk.internal.reflect.DelegatingConstructorAccessorImpl.newInstance(DelegatingConstructorAccessorImpl.java:45)
	at java.base/java.lang.reflect.Constructor.newInstanceWithCaller(Constructor.java:499)
	at java.base/java.lang.reflect.Constructor.newInstance(Constructor.java:480)
	at org.openqa.selenium.remote.codec.w3c.W3CHttpResponseCodec.createException(W3CHttpResponseCodec.java:200)
	at org.openqa.selenium.remote.codec.w3c.W3CHttpResponseCodec.decode(W3CHttpResponseCodec.java:133)
	at org.openqa.selenium.remote.codec.w3c.W3CHttpResponseCodec.decode(W3CHttpResponseCodec.java:52)
	at org.openqa.selenium.remote.HttpCommandExecutor.execute(HttpCommandExecutor.java:191)
	at org.openqa.selenium.remote.service.DriverCommandExecutor.invokeExecute(DriverCommandExecutor.java:196)
	at org.openqa.selenium.remote.service.DriverCommandExecutor.execute(DriverCommandExecutor.java:171)
	at org.openqa.selenium.remote.RemoteWebDriver.execute(RemoteWebDriver.java:518)
	at org.openqa.selenium.remote.RemoteWebElement.execute(RemoteWebElement.java:224)
	at org.openqa.selenium.remote.RemoteWebElement.click(RemoteWebElement.java:77)
	at java.base/jdk.internal.reflect.NativeMethodAccessorImpl.invoke0(Native Method)
	at java.base/jdk.internal.reflect.NativeMethodAccessorImpl.invoke(NativeMethodAccessorImpl.java:77)
	at java.base/jdk.internal.reflect.DelegatingMethodAccessorImpl.invoke(DelegatingMethodAccessorImpl.java:43)
	at java.base/java.lang.reflect.Method.invoke(Method.java:568)
	at org.openqa.selenium.support.pagefactory.internal.LocatingElementHandler.invoke(LocatingElementHandler.java:51)
	at jdk.proxy2/jdk.proxy2.$Proxy44.click(Unknown Source)
	at com.BooksWagon.Page.RequestABookPage.ClickOnLoginButton(RequestABookPage.java:99)
	at com.BooksWagon.StepDefinition.RequestaBookStepDefinition.the_user_clicks_on_the_login_button(RequestaBookStepDefinition.java:85)
	at ✽.the User clicks on the login button on the page(file:///C:/Users/P%20SREEJA/Downloads/bookswagon/bookswagonprojectrequest/src/test/java/com/BooksWagon/features/RequestABook.feature:8)
</pre></div></td>
<td>23</td>
<td>com.BooksWagon.Runner.TestRunner3@41a2befb</td></tr>
</table><p>
</body>
</html>