<?xml version="1.0" encoding="UTF-8"?>
<!-- Generated by org.testng.reporters.JUnitXMLReporter -->
<testsuite ignored="0" hostname="LAPTOP-OCMM3AK5" failures="2" tests="2" name="Default test" time="185.797" errors="0" timestamp="2024-01-23T23:36:45 IST">
  <testcase classname="io.cucumber.testng.AbstractTestNGCucumberTests" name="runScenario" time="78.015">
    <failure type="java.lang.AssertionError" message="expected [We have saved your requested books successfully into our system. We will intimate you as soon as book available.] but found [You have requested for this book before.]">
      <![CDATA[java.lang.AssertionError: expected [We have saved your requested books successfully into our system. We will intimate you as soon as book available.] but found [You have requested for this book before.]
at org.testng.Assert.fail(Assert.java:110)
at org.testng.Assert.failNotEquals(Assert.java:1577)
at org.testng.Assert.assertEqualsImpl(Assert.java:149)
at org.testng.Assert.assertEquals(Assert.java:131)
at org.testng.Assert.assertEquals(Assert.java:655)
at org.testng.Assert.assertEquals(Assert.java:665)
at com.BooksWagon.StepDefinition.RequestaBookStepDefinition.request_should_be_notify_to_them(RequestaBookStepDefinition.java:157)
at ✽.request should be notify to them(file:///C:/Users/P%20SREEJA/Downloads/bookswagon/bookswagonprojectrequest/src/test/java/com/BooksWagon/features/RequestABook.feature:12)
]]>
    </failure>
  </testcase> <!-- runScenario -->
  <testcase classname="io.cucumber.testng.AbstractTestNGCucumberTests" name="runScenario" time="98.797">
    <failure type="java.lang.AssertionError" message="expected [We have saved your requested books successfully into our system. We will intimate you as soon as book available.] but found [You have requested for this book before.]">
      <![CDATA[java.lang.AssertionError: expected [We have saved your requested books successfully into our system. We will intimate you as soon as book available.] but found [You have requested for this book before.]
at org.testng.Assert.fail(Assert.java:110)
at org.testng.Assert.failNotEquals(Assert.java:1577)
at org.testng.Assert.assertEqualsImpl(Assert.java:149)
at org.testng.Assert.assertEquals(Assert.java:131)
at org.testng.Assert.assertEquals(Assert.java:655)
at org.testng.Assert.assertEquals(Assert.java:665)
at com.BooksWagon.StepDefinition.RequestaBookStepDefinition.request_should_be_notify_to_them(RequestaBookStepDefinition.java:157)
at ✽.request should be notify to them(file:///C:/Users/P%20SREEJA/Downloads/bookswagon/bookswagonprojectrequest/src/test/java/com/BooksWagon/features/RequestABook.feature:12)
]]>
    </failure>
  </testcase> <!-- runScenario -->
</testsuite> <!-- Default test -->
