<html>
<head>
<title>TestNG:  Default test</title>
<link href="../testng.css" rel="stylesheet" type="text/css" />
<link href="../my-testng.css" rel="stylesheet" type="text/css" />

<style type="text/css">
.log { display: none;} 
.stack-trace { display: none;} 
</style>
<script type="text/javascript">
<!--
function flip(e) {
  current = e.style.display;
  if (current == 'block') {
    e.style.display = 'none';
    return 0;
  }
  else {
    e.style.display = 'block';
    return 1;
  }
}

function toggleBox(szDivId, elem, msg1, msg2)
{
  var res = -1;  if (document.getElementById) {
    res = flip(document.getElementById(szDivId));
  }
  else if (document.all) {
    // this is the way old msie versions work
    res = flip(document.all[szDivId]);
  }
  if(elem) {
    if(res == 0) elem.innerHTML = msg1; else elem.innerHTML = msg2;
  }

}

function toggleAllBoxes() {
  if (document.getElementsByTagName) {
    d = document.getElementsByTagName('div');
    for (i = 0; i < d.length; i++) {
      if (d[i].className == 'log') {
        flip(d[i]);
      }
    }
  }
}

// -->
</script>

</head>
<body>
<h2 align='center'>Default test</h2><table border='1' align="center">
<tr>
<td>Tests passed/Failed/Skipped:</td><td>0/2/4</td>
</tr><tr>
<td>Started on:</td><td>Tue Jan 23 10:11:11 IST 2024</td>
</tr>
<tr><td>Total time:</td><td>408 seconds (408860 ms)</td>
</tr><tr>
<td>Included groups:</td><td></td>
</tr><tr>
<td>Excluded groups:</td><td></td>
</tr>
</table><p/>
<small><i>(Hover the method name to see the test class name)</i></small><p/>
<table width='100%' border='1' class='invocation-failed'>
<tr><td colspan='4' align='center'><b>FAILED TESTS</b></td></tr>
<tr><td><b>Test method</b></td>
<td><b>Attribute(s)</b></td>
<td width="30%"><b>Exception</b></td>
<td width="10%"><b>Time (seconds)</b></td>
<td><b>Instance</b></td>
</tr>
<tr>
<td title='com.BooksWagon.Runner.TestRunner3.runScenario()'><b>runScenario</b><br>Test class: com.BooksWagon.Runner.TestRunner3<br>Test method: Runs Cucumber Scenarios<br>Parameters: "To test Request a Book in BooksWagon Website", "Testing RequestBook Functionality"</td>
<td><div><pre>java.lang.ArrayIndexOutOfBoundsException: Index 2 out of bounds for length 2
	at com.BooksWagon.StepDefinition.RequestaBookStepDefinition.enter_the_required_data_i_sbn_as_title_as_author_as_phone_as(RequestaBookStepDefinition.java:101)
	at ✽.enter the required data iSBN as &apos;&apos; Title as &apos;&apos; Author as &apos;&apos;  Phone as &apos;&apos;(file:///C:/Users/P%20SREEJA/Downloads/bookswagon/bookswagonprojectrequest/src/test/java/com/BooksWagon/features/RequestABook.feature:10)
</pre></div><a href='#' onClick='toggleBox("stack-trace1723014470", this, "Click to show all stack frames", "Click to hide stack frames")'>Click to show all stack frames</a>
<div class='stack-trace' id='stack-trace1723014470'><pre>java.lang.ArrayIndexOutOfBoundsException: Index 2 out of bounds for length 2
	at com.BooksWagon.StepDefinition.RequestaBookStepDefinition.enter_the_required_data_i_sbn_as_title_as_author_as_phone_as(RequestaBookStepDefinition.java:101)
	at ✽.enter the required data iSBN as &apos;&apos; Title as &apos;&apos; Author as &apos;&apos;  Phone as &apos;&apos;(file:///C:/Users/P%20SREEJA/Downloads/bookswagon/bookswagonprojectrequest/src/test/java/com/BooksWagon/features/RequestABook.feature:10)
</pre></div></td>
<td>45</td>
<td>com.BooksWagon.Runner.TestRunner3@41a2befb</td></tr>
<tr>
<td title='com.BooksWagon.Runner.TestRunner3.runScenario()'><b>runScenario</b><br>Test class: com.BooksWagon.Runner.TestRunner3<br>Test method: Runs Cucumber Scenarios<br>Parameters: "To test Request a Book in BooksWagon Website", "Testing RequestBook Functionality"</td>
<td><div><pre>java.lang.ArrayIndexOutOfBoundsException: Index 2 out of bounds for length 2
	at com.BooksWagon.StepDefinition.RequestaBookStepDefinition.enter_the_required_data_i_sbn_as_title_as_author_as_phone_as(RequestaBookStepDefinition.java:101)
	at ✽.enter the required data iSBN as &apos;&apos; Title as &apos;&apos; Author as &apos;&apos;  Phone as &apos;&apos;(file:///C:/Users/P%20SREEJA/Downloads/bookswagon/bookswagonprojectrequest/src/test/java/com/BooksWagon/features/RequestABook.feature:10)
</pre></div><a href='#' onClick='toggleBox("stack-trace919541414", this, "Click to show all stack frames", "Click to hide stack frames")'>Click to show all stack frames</a>
<div class='stack-trace' id='stack-trace919541414'><pre>java.lang.ArrayIndexOutOfBoundsException: Index 2 out of bounds for length 2
	at com.BooksWagon.StepDefinition.RequestaBookStepDefinition.enter_the_required_data_i_sbn_as_title_as_author_as_phone_as(RequestaBookStepDefinition.java:101)
	at ✽.enter the required data iSBN as &apos;&apos; Title as &apos;&apos; Author as &apos;&apos;  Phone as &apos;&apos;(file:///C:/Users/P%20SREEJA/Downloads/bookswagon/bookswagonprojectrequest/src/test/java/com/BooksWagon/features/RequestABook.feature:10)
</pre></div></td>
<td>68</td>
<td>com.BooksWagon.Runner.TestRunner3@41a2befb</td></tr>
</table><p>
<table width='100%' border='1' class='invocation-skipped'>
<tr><td colspan='4' align='center'><b>SKIPPED TESTS</b></td></tr>
<tr><td><b>Test method</b></td>
<td><b>Attribute(s)</b></td>
<td width="30%"><b>Exception</b></td>
<td width="10%"><b>Time (seconds)</b></td>
<td><b>Instance</b></td>
</tr>
<tr>
<td title='com.BooksWagon.Runner.TestRunner3.runScenario()'><b>runScenario</b><br>Test class: com.BooksWagon.Runner.TestRunner3<br>Test method: Runs Cucumber Scenarios<br>Parameters: "To test Request a Book in BooksWagon Website", "Testing RequestBook Functionality"</td>
<td><div><pre>java.lang.AssertionError: expected [We have saved your requested books successfully into our system. We will intimate you as soon as book available.] but found [You have requested for this book before.]
	at com.BooksWagon.StepDefinition.RequestaBookStepDefinition.request_should_be_notify_to_them(RequestaBookStepDefinition.java:157)
	at ✽.request should be notify to them(file:///C:/Users/P%20SREEJA/Downloads/bookswagon/bookswagonprojectrequest/src/test/java/com/BooksWagon/features/RequestABook.feature:12)
... Removed 6 stack frames</pre></div><a href='#' onClick='toggleBox("stack-trace621843976", this, "Click to show all stack frames", "Click to hide stack frames")'>Click to show all stack frames</a>
<div class='stack-trace' id='stack-trace621843976'><pre>java.lang.AssertionError: expected [We have saved your requested books successfully into our system. We will intimate you as soon as book available.] but found [You have requested for this book before.]
	at org.testng.Assert.fail(Assert.java:110)
	at org.testng.Assert.failNotEquals(Assert.java:1577)
	at org.testng.Assert.assertEqualsImpl(Assert.java:149)
	at org.testng.Assert.assertEquals(Assert.java:131)
	at org.testng.Assert.assertEquals(Assert.java:655)
	at org.testng.Assert.assertEquals(Assert.java:665)
	at com.BooksWagon.StepDefinition.RequestaBookStepDefinition.request_should_be_notify_to_them(RequestaBookStepDefinition.java:157)
	at ✽.request should be notify to them(file:///C:/Users/P%20SREEJA/Downloads/bookswagon/bookswagonprojectrequest/src/test/java/com/BooksWagon/features/RequestABook.feature:12)
</pre></div></td>
<td>45</td>
<td>com.BooksWagon.Runner.TestRunner3@41a2befb</td></tr>
<tr>
<td title='com.BooksWagon.Runner.TestRunner3.runScenario()'><b>runScenario</b><br>Test class: com.BooksWagon.Runner.TestRunner3<br>Test method: Runs Cucumber Scenarios<br>Parameters: "To test Request a Book in BooksWagon Website", "Testing RequestBook Functionality"</td>
<td><div><pre>java.lang.AssertionError: expected [We have saved your requested books successfully into our system. We will intimate you as soon as book available.] but found [You have requested for this book before.]
	at com.BooksWagon.StepDefinition.RequestaBookStepDefinition.request_should_be_notify_to_them(RequestaBookStepDefinition.java:157)
	at ✽.request should be notify to them(file:///C:/Users/P%20SREEJA/Downloads/bookswagon/bookswagonprojectrequest/src/test/java/com/BooksWagon/features/RequestABook.feature:12)
... Removed 6 stack frames</pre></div><a href='#' onClick='toggleBox("stack-trace408419948", this, "Click to show all stack frames", "Click to hide stack frames")'>Click to show all stack frames</a>
<div class='stack-trace' id='stack-trace408419948'><pre>java.lang.AssertionError: expected [We have saved your requested books successfully into our system. We will intimate you as soon as book available.] but found [You have requested for this book before.]
	at org.testng.Assert.fail(Assert.java:110)
	at org.testng.Assert.failNotEquals(Assert.java:1577)
	at org.testng.Assert.assertEqualsImpl(Assert.java:149)
	at org.testng.Assert.assertEquals(Assert.java:131)
	at org.testng.Assert.assertEquals(Assert.java:655)
	at org.testng.Assert.assertEquals(Assert.java:665)
	at com.BooksWagon.StepDefinition.RequestaBookStepDefinition.request_should_be_notify_to_them(RequestaBookStepDefinition.java:157)
	at ✽.request should be notify to them(file:///C:/Users/P%20SREEJA/Downloads/bookswagon/bookswagonprojectrequest/src/test/java/com/BooksWagon/features/RequestABook.feature:12)
</pre></div></td>
<td>34</td>
<td>com.BooksWagon.Runner.TestRunner3@41a2befb</td></tr>
<tr>
<td title='com.BooksWagon.Runner.TestRunner3.runScenario()'><b>runScenario</b><br>Test class: com.BooksWagon.Runner.TestRunner3<br>Test method: Runs Cucumber Scenarios<br>Parameters: "To test Request a Book in BooksWagon Website", "Testing RequestBook Functionality"</td>
<td><div><pre>java.lang.ArrayIndexOutOfBoundsException: Index 2 out of bounds for length 2
	at com.BooksWagon.StepDefinition.RequestaBookStepDefinition.enter_the_required_data_i_sbn_as_title_as_author_as_phone_as(RequestaBookStepDefinition.java:101)
	at ✽.enter the required data iSBN as &apos;&apos; Title as &apos;&apos; Author as &apos;&apos;  Phone as &apos;&apos;(file:///C:/Users/P%20SREEJA/Downloads/bookswagon/bookswagonprojectrequest/src/test/java/com/BooksWagon/features/RequestABook.feature:10)
</pre></div><a href='#' onClick='toggleBox("stack-trace1597889670", this, "Click to show all stack frames", "Click to hide stack frames")'>Click to show all stack frames</a>
<div class='stack-trace' id='stack-trace1597889670'><pre>java.lang.ArrayIndexOutOfBoundsException: Index 2 out of bounds for length 2
	at com.BooksWagon.StepDefinition.RequestaBookStepDefinition.enter_the_required_data_i_sbn_as_title_as_author_as_phone_as(RequestaBookStepDefinition.java:101)
	at ✽.enter the required data iSBN as &apos;&apos; Title as &apos;&apos; Author as &apos;&apos;  Phone as &apos;&apos;(file:///C:/Users/P%20SREEJA/Downloads/bookswagon/bookswagonprojectrequest/src/test/java/com/BooksWagon/features/RequestABook.feature:10)
</pre></div></td>
<td>153</td>
<td>com.BooksWagon.Runner.TestRunner3@41a2befb</td></tr>
<tr>
<td title='com.BooksWagon.Runner.TestRunner3.runScenario()'><b>runScenario</b><br>Test class: com.BooksWagon.Runner.TestRunner3<br>Test method: Runs Cucumber Scenarios<br>Parameters: "To test Request a Book in BooksWagon Website", "Testing RequestBook Functionality"</td>
<td><div><pre>java.lang.ArrayIndexOutOfBoundsException: Index 2 out of bounds for length 2
	at com.BooksWagon.StepDefinition.RequestaBookStepDefinition.enter_the_required_data_i_sbn_as_title_as_author_as_phone_as(RequestaBookStepDefinition.java:101)
	at ✽.enter the required data iSBN as &apos;&apos; Title as &apos;&apos; Author as &apos;&apos;  Phone as &apos;&apos;(file:///C:/Users/P%20SREEJA/Downloads/bookswagon/bookswagonprojectrequest/src/test/java/com/BooksWagon/features/RequestABook.feature:10)
</pre></div><a href='#' onClick='toggleBox("stack-trace1058892307", this, "Click to show all stack frames", "Click to hide stack frames")'>Click to show all stack frames</a>
<div class='stack-trace' id='stack-trace1058892307'><pre>java.lang.ArrayIndexOutOfBoundsException: Index 2 out of bounds for length 2
	at com.BooksWagon.StepDefinition.RequestaBookStepDefinition.enter_the_required_data_i_sbn_as_title_as_author_as_phone_as(RequestaBookStepDefinition.java:101)
	at ✽.enter the required data iSBN as &apos;&apos; Title as &apos;&apos; Author as &apos;&apos;  Phone as &apos;&apos;(file:///C:/Users/P%20SREEJA/Downloads/bookswagon/bookswagonprojectrequest/src/test/java/com/BooksWagon/features/RequestABook.feature:10)
</pre></div></td>
<td>50</td>
<td>com.BooksWagon.Runner.TestRunner3@41a2befb</td></tr>
</table><p>
</body>
</html>