<?xml version="1.0" encoding="UTF-8"?>
<!-- Generated by org.testng.reporters.JUnitXMLReporter -->
<testsuite ignored="0" hostname="LenovoIdeaPad" failures="1" tests="2" name="BooksWagon Application Test" time="19.037" errors="0" timestamp="2023-12-15T15:11:46 IST">
  <testcase classname="io.cucumber.testng.AbstractTestNGCucumberTests" name="runScenario" time="11.067"/>
  <testcase classname="io.cucumber.testng.AbstractTestNGCucumberTests" name="runScenario" time="4.899">
    <failure type="java.lang.AssertionError" message="Assert not same search item expected [Beyond The Story: 10-Year Record of BTS] but found [BTS BOOK]">
      <![CDATA[java.lang.AssertionError: Assert not same search item expected [Beyond The Story: 10-Year Record of BTS] but found [BTS BOOK]
at com.BooksWagon.StepDefinition.SearchBoxStepDefinition.user_click_on_search_button(SearchBoxStepDefinition.java:53)
at âœ½.User click on search button(file:///C:/Users/USER/eclipse-workspace/BooksWagon-Project/src/test/resources/SearchAndTodaysDealFeature.feature:5)
... Removed 5 stack frames]]>
    </failure>
  </testcase> <!-- runScenario -->
</testsuite> <!-- BooksWagon Application Test -->
